0 info it worked if it ends with ok
1 verbose cli [ '/usr/bin/nodejs', '/usr/bin/npm', 'run', 'dev' ]
2 info using npm@3.5.2
3 info using node@v4.2.6
4 verbose run-script [ 'predev', 'dev', 'postdev' ]
5 info lifecycle ocweb@0.0.1~predev: ocweb@0.0.1
6 silly lifecycle ocweb@0.0.1~predev: no script for predev, continuing
7 info lifecycle ocweb@0.0.1~dev: ocweb@0.0.1
8 verbose lifecycle ocweb@0.0.1~dev: unsafe-perm in lifecycle true
9 verbose lifecycle ocweb@0.0.1~dev: PATH: /usr/share/npm/bin/node-gyp-bin:/home/yabir/code/python/OCManager/frontend/node_modules/.bin:/home/yabir/bin:/home/yabir/.local/bin:/usr/local/sbin:/usr/local/bin:/usr/sbin:/usr/bin:/sbin:/bin:/usr/games:/usr/local/games:/snap/bin:/usr/lib/jvm/java-8-oracle/bin:/usr/lib/jvm/java-8-oracle/db/bin:/usr/lib/jvm/java-8-oracle/jre/bin
10 verbose lifecycle ocweb@0.0.1~dev: CWD: /home/yabir/code/python/OCManager/frontend
11 silly lifecycle ocweb@0.0.1~dev: Args: [ '-c',
11 silly lifecycle   'concurrent --kill-others "npm run webpack-watch" "npm run express-server"' ]
12 silly lifecycle ocweb@0.0.1~dev: Returned: code: 1  signal: null
13 info lifecycle ocweb@0.0.1~dev: Failed to exec dev script
14 verbose stack Error: ocweb@0.0.1 dev: `concurrent --kill-others "npm run webpack-watch" "npm run express-server"`
14 verbose stack Exit status 1
14 verbose stack     at EventEmitter.<anonymous> (/usr/share/npm/lib/utils/lifecycle.js:232:16)
14 verbose stack     at emitTwo (events.js:87:13)
14 verbose stack     at EventEmitter.emit (events.js:172:7)
14 verbose stack     at ChildProcess.<anonymous> (/usr/share/npm/lib/utils/spawn.js:24:14)
14 verbose stack     at emitTwo (events.js:87:13)
14 verbose stack     at ChildProcess.emit (events.js:172:7)
14 verbose stack     at maybeClose (internal/child_process.js:821:16)
14 verbose stack     at Process.ChildProcess._handle.onexit (internal/child_process.js:211:5)
15 verbose pkgid ocweb@0.0.1
16 verbose cwd /home/yabir/code/python/OCManager/frontend
17 error Linux 4.4.0-53-generic
18 error argv "/usr/bin/nodejs" "/usr/bin/npm" "run" "dev"
19 error node v4.2.6
20 error npm  v3.5.2
21 error code ELIFECYCLE
22 error ocweb@0.0.1 dev: `concurrent --kill-others "npm run webpack-watch" "npm run express-server"`
22 error Exit status 1
23 error Failed at the ocweb@0.0.1 dev script 'concurrent --kill-others "npm run webpack-watch" "npm run express-server"'.
23 error Make sure you have the latest version of node.js and npm installed.
23 error If you do, this is most likely a problem with the ocweb package,
23 error not with npm itself.
23 error Tell the author that this fails on your system:
23 error     concurrent --kill-others "npm run webpack-watch" "npm run express-server"
23 error You can get information on how to open an issue for this project with:
23 error     npm bugs ocweb
23 error Or if that isn't available, you can get their info via:
23 error     npm owner ls ocweb
23 error There is likely additional logging output above.
24 verbose exit [ 1, true ]
